<?xml version="1.0" encoding="UTF-8"?>
<testsuite name="logic.InterviewControllerTest" tests="4" skipped="0" failures="0" errors="0" timestamp="2026-03-26T04:30:59.612Z" hostname="YUGAM" time="0.017">
  <properties/>
  <testcase name="getInterviewsByApplication_sortedByRound()" classname="logic.InterviewControllerTest" time="0.005"/>
  <testcase name="updateNotes_validId_updatesNotes()" classname="logic.InterviewControllerTest" time="0.002"/>
  <testcase name="updateNotes_invalidId_throwsException()" classname="logic.InterviewControllerTest" time="0.002"/>
  <testcase name="addInterview_validInput_returnsInterview()" classname="logic.InterviewControllerTest" time="0.001"/>
  <system-out><![CDATA[]]></system-out>
  <system-err><![CDATA[]]></system-err>
</testsuite>
