<?xml version="1.0" encoding="UTF-8"?>
<testsuite name="logic.ApplicationControllerTest" tests="11" skipped="0" failures="0" errors="0" timestamp="2026-03-26T04:30:59.497Z" hostname="YUGAM" time="0.11">
  <properties/>
  <testcase name="getAllApplications_emptyList_returnsEmptyList()" classname="logic.ApplicationControllerTest" time="0.03"/>
  <testcase name="deleteApplication_existingId_removesFromList()" classname="logic.ApplicationControllerTest" time="0.013"/>
  <testcase name="compareApplications_sortedByPayDescending()" classname="logic.ApplicationControllerTest" time="0.005"/>
  <testcase name="deleteApplication_invalidId_throwsException()" classname="logic.ApplicationControllerTest" time="0.003"/>
  <testcase name="updateStatus_validTransition_updatesCorrectly()" classname="logic.ApplicationControllerTest" time="0.002"/>
  <testcase name="filterByStatus_returnsOnlyMatchingStatus()" classname="logic.ApplicationControllerTest" time="0.003"/>
  <testcase name="getAllApplications_afterAdding_returnsAll()" classname="logic.ApplicationControllerTest" time="0.003"/>
  <testcase name="addApplication_nullRoleTitle_throwsException()" classname="logic.ApplicationControllerTest" time="0.001"/>
  <testcase name="addApplication_validInput_returnsApplication()" classname="logic.ApplicationControllerTest" time="0.003"/>
  <testcase name="updateStatus_invalidId_throwsException()" classname="logic.ApplicationControllerTest" time="0.002"/>
  <testcase name="addApplication_emptyCompanyName_throwsException()" classname="logic.ApplicationControllerTest" time="0.001"/>
  <system-out><![CDATA[]]></system-out>
  <system-err><![CDATA[]]></system-err>
</testsuite>
